# JRE version: OpenJDK Runtime Environment GraalVM CE 22.3.0 (17.0.5+8) (build 17.0.5+8-jvmci-22.3-b08)
# Java VM: OpenJDK 64-Bit Server VM GraalVM CE 22.3.0 (17.0.5+8-jvmci-22.3-b08, mixed mode, sharing, tiered, jvmci, jvmci compiler, compressed oops, compressed class ptrs, parallel gc, linux-amd64)
GC Precious Log:
 CPUs: 8 total, 1 available
 Memory: 1024M
 Large Page Support: Disabled
 NUMA Support: Disabled
 Compressed Oops: Enabled (32-bit)
 Alignments: Space 512K, Generation 512K, Heap 2M
 Heap Min Capacity: 100M
 Heap Initial Capacity: 100M
 Heap Max Capacity: 512M
 Pre-touch: Disabled
 Parallel Workers: 1
Heap:
 PSYoungGen      total 36864K, used 27135K [0x00000000f5580000, 0x00000000f8600000, 0x0000000100000000)
  eden space 27136K, 99% used [0x00000000f5580000,0x00000000f6fffff8,0x00000000f7000000)
  from space 9728K, 0% used [0x00000000f7c00000,0x00000000f7c00000,0x00000000f8580000)
  to   space 9728K, 0% used [0x00000000f7000000,0x00000000f7000000,0x00000000f7980000)
 ParOldGen       total 349696K, used 349694K [0x00000000e0000000, 0x00000000f5580000, 0x00000000f5580000)
  object space 349696K, 99% used [0x00000000e0000000,0x00000000f557fad0,0x00000000f5580000)
 Metaspace       used 60066K, committed 61056K, reserved 1105920K
  class space    used 5971K, committed 6336K, reserved 1048576K
GC Heap History (20 events):
Event: 1747.998 GC heap before
{Heap before GC invocations=1273 (full 1194):
 PSYoungGen      total 36864K, used 27136K [0x00000000f5580000, 0x00000000f8600000, 0x0000000100000000)
  eden space 27136K, 100% used [0x00000000f5580000,0x00000000f7000000,0x00000000f7000000)
  from space 9728K, 0% used [0x00000000f7c00000,0x00000000f7c00000,0x00000000f8580000)
  to   space 9728K, 0% used [0x00000000f7000000,0x00000000f7000000,0x00000000f7980000)
 ParOldGen       total 349696K, used 349689K [0x00000000e0000000, 0x00000000f5580000, 0x00000000f5580000)
  object space 349696K, 99% used [0x00000000e0000000,0x00000000f557e7c0,0x00000000f5580000)
 Metaspace       used 60058K, committed 60992K, reserved 1105920K
  class space    used 5970K, committed 6336K, reserved 1048576K
}
Event: 1749.295 GC heap after
{Heap after GC invocations=1273 (full 1194):
 PSYoungGen      total 36864K, used 27136K [0x00000000f5580000, 0x00000000f8600000, 0x0000000100000000)
  eden space 27136K, 100% used [0x00000000f5580000,0x00000000f7000000,0x00000000f7000000)
  from space 9728K, 0% used [0x00000000f7000000,0x00000000f7000000,0x00000000f7980000)
  to   space 9728K, 0% used [0x00000000f7c00000,0x00000000f7c00000,0x00000000f8580000)
 ParOldGen       total 349696K, used 349688K [0x00000000e0000000, 0x00000000f5580000, 0x00000000f5580000)
  object space 349696K, 99% used [0x00000000e0000000,0x00000000f557e398,0x00000000f5580000)
 Metaspace       used 60058K, committed 60992K, reserved 1105920K
  class space    used 5970K, committed 6336K, reserved 1048576K
}
Event: 1749.296 GC heap before
{Heap before GC invocations=1274 (full 1195):
 PSYoungGen      total 36864K, used 27136K [0x00000000f5580000, 0x00000000f8600000, 0x0000000100000000)
  eden space 27136K, 100% used [0x00000000f5580000,0x00000000f7000000,0x00000000f7000000)
  from space 9728K, 0% used [0x00000000f7000000,0x00000000f7000000,0x00000000f7980000)
  to   space 9728K, 0% used [0x00000000f7c00000,0x00000000f7c00000,0x00000000f8580000)
 ParOldGen       total 349696K, used 349691K [0x00000000e0000000, 0x00000000f5580000, 0x00000000f5580000)
  object space 349696K, 99% used [0x00000000e0000000,0x00000000f557edd8,0x00000000f5580000)
 Metaspace       used 60058K, committed 60992K, reserved 1105920K
  class space    used 5970K, committed 6336K, reserved 1048576K
}
Event: 1750.724 GC heap after
{Heap after GC invocations=1274 (full 1195):
 PSYoungGen      total 36864K, used 27136K [0x00000000f5580000, 0x00000000f8600000, 0x0000000100000000)
  eden space 27136K, 100% used [0x00000000f5580000,0x00000000f7000000,0x00000000f7000000)
  from space 9728K, 0% used [0x00000000f7c00000,0x00000000f7c00000,0x00000000f8580000)
  to   space 9728K, 0% used [0x00000000f7000000,0x00000000f7000000,0x00000000f7980000)
 ParOldGen       total 349696K, used 349690K [0x00000000e0000000, 0x00000000f5580000, 0x00000000f5580000)
  object space 349696K, 99% used [0x00000000e0000000,0x00000000f557ea28,0x00000000f5580000)
 Metaspace       used 60058K, committed 60992K, reserved 1105920K
  class space    used 5970K, committed 6336K, reserved 1048576K
}
Event: 1750.731 GC heap before
{Heap before GC invocations=1275 (full 1196):
 PSYoungGen      total 36864K, used 27136K [0x00000000f5580000, 0x00000000f8600000, 0x0000000100000000)
  eden space 27136K, 100% used [0x00000000f5580000,0x00000000f7000000,0x00000000f7000000)
  from space 9728K, 0% used [0x00000000f7c00000,0x00000000f7c00000,0x00000000f8580000)
  to   space 9728K, 0% used [0x00000000f7000000,0x00000000f7000000,0x00000000f7980000)
 ParOldGen       total 349696K, used 349692K [0x00000000e0000000, 0x00000000f5580000, 0x00000000f5580000)
  object space 349696K, 99% used [0x00000000e0000000,0x00000000f557f120,0x00000000f5580000)
 Metaspace       used 60064K, committed 61056K, reserved 1105920K
  class space    used 5970K, committed 6336K, reserved 1048576K
}
Event: 1752.069 GC heap after
{Heap after GC invocations=1275 (full 1196):
 PSYoungGen      total 36864K, used 27135K [0x00000000f5580000, 0x00000000f8600000, 0x0000000100000000)
  eden space 27136K, 99% used [0x00000000f5580000,0x00000000f6ffff88,0x00000000f7000000)
  from space 9728K, 0% used [0x00000000f7000000,0x00000000f7000000,0x00000000f7980000)
  to   space 9728K, 0% used [0x00000000f7c00000,0x00000000f7c00000,0x00000000f8580000)
 ParOldGen       total 349696K, used 349691K [0x00000000e0000000, 0x00000000f5580000, 0x00000000f5580000)
  object space 349696K, 99% used [0x00000000e0000000,0x00000000f557edc8,0x00000000f5580000)
 Metaspace       used 60064K, committed 61056K, reserved 1105920K
  class space    used 5970K, committed 6336K, reserved 1048576K
}
Event: 1752.070 GC heap before
{Heap before GC invocations=1276 (full 1197):
 PSYoungGen      total 36864K, used 27135K [0x00000000f5580000, 0x00000000f8600000, 0x0000000100000000)
  eden space 27136K, 99% used [0x00000000f5580000,0x00000000f6fffff8,0x00000000f7000000)
  from space 9728K, 0% used [0x00000000f7000000,0x00000000f7000000,0x00000000f7980000)
  to   space 9728K, 0% used [0x00000000f7c00000,0x00000000f7c00000,0x00000000f8580000)
 ParOldGen       total 349696K, used 349691K [0x00000000e0000000, 0x00000000f5580000, 0x00000000f5580000)
  object space 349696K, 99% used [0x00000000e0000000,0x00000000f557edc8,0x00000000f5580000)
 Metaspace       used 60064K, committed 61056K, reserved 1105920K
  class space    used 5970K, committed 6336K, reserved 1048576K
}
Event: 1753.285 GC heap after
{Heap after GC invocations=1276 (full 1197):
 PSYoungGen      total 36864K, used 27135K [0x00000000f5580000, 0x00000000f8600000, 0x0000000100000000)
  eden space 27136K, 99% used [0x00000000f5580000,0x00000000f6ffffc0,0x00000000f7000000)
  from space 9728K, 0% used [0x00000000f7c00000,0x00000000f7c00000,0x00000000f8580000)
  to   space 9728K, 0% used [0x00000000f7000000,0x00000000f7000000,0x00000000f7980000)
 ParOldGen       total 349696K, used 349691K [0x00000000e0000000, 0x00000000f5580000, 0x00000000f5580000)
  object space 349696K, 99% used [0x00000000e0000000,0x00000000f557ed90,0x00000000f5580000)
 Metaspace       used 60064K, committed 61056K, reserved 1105920K
  class space    used 5970K, committed 6336K, reserved 1048576K
}
Event: 1753.286 GC heap before
{Heap before GC invocations=1277 (full 1198):
 PSYoungGen      total 36864K, used 27135K [0x00000000f5580000, 0x00000000f8600000, 0x0000000100000000)
  eden space 27136K, 99% used [0x00000000f5580000,0x00000000f6fffff8,0x00000000f7000000)
  from space 9728K, 0% used [0x00000000f7c00000,0x00000000f7c00000,0x00000000f8580000)
  to   space 9728K, 0% used [0x00000000f7000000,0x00000000f7000000,0x00000000f7980000)
 ParOldGen       total 349696K, used 349691K [0x00000000e0000000, 0x00000000f5580000, 0x00000000f5580000)
  object space 349696K, 99% used [0x00000000e0000000,0x00000000f557ed90,0x00000000f5580000)
 Metaspace       used 60064K, committed 61056K, reserved 1105920K
  class space    used 5970K, committed 6336K, reserved 1048576K
}
Event: 1754.679 GC heap after
{Heap after GC invocations=1277 (full 1198):
 PSYoungGen      total 36864K, used 27135K [0x00000000f5580000, 0x00000000f8600000, 0x0000000100000000)
  eden space 27136K, 99% used [0x00000000f5580000,0x00000000f6ffff88,0x00000000f7000000)
  from space 9728K, 0% used [0x00000000f7000000,0x00000000f7000000,0x00000000f7980000)
  to   space 9728K, 0% used [0x00000000f7c00000,0x00000000f7c00000,0x00000000f8580000)
 ParOldGen       total 349696K, used 349691K [0x00000000e0000000, 0x00000000f5580000, 0x00000000f5580000)
  object space 349696K, 99% used [0x00000000e0000000,0x00000000f557ed90,0x00000000f5580000)
 Metaspace       used 60064K, committed 61056K, reserved 1105920K
  class space    used 5970K, committed 6336K, reserved 1048576K
}
Event: 1754.680 GC heap before
{Heap before GC invocations=1278 (full 1199):
 PSYoungGen      total 36864K, used 27135K [0x00000000f5580000, 0x00000000f8600000, 0x0000000100000000)
  eden space 27136K, 99% used [0x00000000f5580000,0x00000000f6fffff8,0x00000000f7000000)
  from space 9728K, 0% used [0x00000000f7000000,0x00000000f7000000,0x00000000f7980000)
  to   space 9728K, 0% used [0x00000000f7c00000,0x00000000f7c00000,0x00000000f8580000)
 ParOldGen       total 349696K, used 349691K [0x00000000e0000000, 0x00000000f5580000, 0x00000000f5580000)
  object space 349696K, 99% used [0x00000000e0000000,0x00000000f557ed90,0x00000000f5580000)
 Metaspace       used 60064K, committed 61056K, reserved 1105920K
  class space    used 5970K, committed 6336K, reserved 1048576K
}
Event: 1755.895 GC heap after
{Heap after GC invocations=1278 (full 1199):
 PSYoungGen      total 36864K, used 27135K [0x00000000f5580000, 0x00000000f8600000, 0x0000000100000000)
  eden space 27136K, 99% used [0x00000000f5580000,0x00000000f6fffff8,0x00000000f7000000)
  from space 9728K, 0% used [0x00000000f7c00000,0x00000000f7c00000,0x00000000f8580000)
  to   space 9728K, 0% used [0x00000000f7000000,0x00000000f7000000,0x00000000f7980000)
 ParOldGen       total 349696K, used 349691K [0x00000000e0000000, 0x00000000f5580000, 0x00000000f5580000)
  object space 349696K, 99% used [0x00000000e0000000,0x00000000f557ed70,0x00000000f5580000)
 Metaspace       used 60064K, committed 61056K, reserved 1105920K
  class space    used 5970K, committed 6336K, reserved 1048576K
}
Event: 1755.895 GC heap before
{Heap before GC invocations=1279 (full 1200):
 PSYoungGen      total 36864K, used 27135K [0x00000000f5580000, 0x00000000f8600000, 0x0000000100000000)
  eden space 27136K, 99% used [0x00000000f5580000,0x00000000f6fffff8,0x00000000f7000000)
  from space 9728K, 0% used [0x00000000f7c00000,0x00000000f7c00000,0x00000000f8580000)
  to   space 9728K, 0% used [0x00000000f7000000,0x00000000f7000000,0x00000000f7980000)
 ParOldGen       total 349696K, used 349693K [0x00000000e0000000, 0x00000000f5580000, 0x00000000f5580000)
  object space 349696K, 99% used [0x00000000e0000000,0x00000000f557f688,0x00000000f5580000)
 Metaspace       used 60065K, committed 61056K, reserved 1105920K
  class space    used 5971K, committed 6336K, reserved 1048576K
}
Event: 1757.180 GC heap after
{Heap after GC invocations=1279 (full 1200):
 PSYoungGen      total 36864K, used 27135K [0x00000000f5580000, 0x00000000f8600000, 0x0000000100000000)
  eden space 27136K, 99% used [0x00000000f5580000,0x00000000f6ffff48,0x00000000f7000000)
  from space 9728K, 0% used [0x00000000f7000000,0x00000000f7000000,0x00000000f7980000)
  to   space 9728K, 0% used [0x00000000f7c00000,0x00000000f7c00000,0x00000000f8580000)
 ParOldGen       total 349696K, used 349693K [0x00000000e0000000, 0x00000000f5580000, 0x00000000f5580000)
  object space 349696K, 99% used [0x00000000e0000000,0x00000000f557f420,0x00000000f5580000)
 Metaspace       used 60065K, committed 61056K, reserved 1105920K
  class space    used 5971K, committed 6336K, reserved 1048576K
}
Event: 1757.180 GC heap before
{Heap before GC invocations=1280 (full 1201):
 PSYoungGen      total 36864K, used 27135K [0x00000000f5580000, 0x00000000f8600000, 0x0000000100000000)
  eden space 27136K, 99% used [0x00000000f5580000,0x00000000f6ffffa8,0x00000000f7000000)
  from space 9728K, 0% used [0x00000000f7000000,0x00000000f7000000,0x00000000f7980000)
  to   space 9728K, 0% used [0x00000000f7c00000,0x00000000f7c00000,0x00000000f8580000)
 ParOldGen       total 349696K, used 349693K [0x00000000e0000000, 0x00000000f5580000, 0x00000000f5580000)
  object space 349696K, 99% used [0x00000000e0000000,0x00000000f557f420,0x00000000f5580000)
 Metaspace       used 60065K, committed 61056K, reserved 1105920K
  class space    used 5971K, committed 6336K, reserved 1048576K
}
Event: 1758.386 GC heap after
{Heap after GC invocations=1280 (full 1201):
 PSYoungGen      total 36864K, used 27135K [0x00000000f5580000, 0x00000000f8600000, 0x0000000100000000)
  eden space 27136K, 99% used [0x00000000f5580000,0x00000000f6ffff90,0x00000000f7000000)
  from space 9728K, 0% used [0x00000000f7c00000,0x00000000f7c00000,0x00000000f8580000)
  to   space 9728K, 0% used [0x00000000f7000000,0x00000000f7000000,0x00000000f7980000)
 ParOldGen       total 349696K, used 349693K [0x00000000e0000000, 0x00000000f5580000, 0x00000000f5580000)
  object space 349696K, 99% used [0x00000000e0000000,0x00000000f557f420,0x00000000f5580000)
 Metaspace       used 60065K, committed 61056K, reserved 1105920K
  class space    used 5971K, committed 6336K, reserved 1048576K
}
Event: 1758.386 GC heap before
{Heap before GC invocations=1281 (full 1202):
 PSYoungGen      total 36864K, used 27136K [0x00000000f5580000, 0x00000000f8600000, 0x0000000100000000)
  eden space 27136K, 100% used [0x00000000f5580000,0x00000000f7000000,0x00000000f7000000)
  from space 9728K, 0% used [0x00000000f7c00000,0x00000000f7c00000,0x00000000f8580000)
  to   space 9728K, 0% used [0x00000000f7000000,0x00000000f7000000,0x00000000f7980000)
 ParOldGen       total 349696K, used 349694K [0x00000000e0000000, 0x00000000f5580000, 0x00000000f5580000)
  object space 349696K, 99% used [0x00000000e0000000,0x00000000f557fbe0,0x00000000f5580000)
 Metaspace       used 60066K, committed 61056K, reserved 1105920K
  class space    used 5971K, committed 6336K, reserved 1048576K
}
Event: 1759.650 GC heap after
{Heap after GC invocations=1281 (full 1202):
 PSYoungGen      total 36864K, used 27135K [0x00000000f5580000, 0x00000000f8600000, 0x0000000100000000)
  eden space 27136K, 99% used [0x00000000f5580000,0x00000000f6fffef0,0x00000000f7000000)
  from space 9728K, 0% used [0x00000000f7000000,0x00000000f7000000,0x00000000f7980000)
  to   space 9728K, 0% used [0x00000000f7c00000,0x00000000f7c00000,0x00000000f8580000)
 ParOldGen       total 349696K, used 349694K [0x00000000e0000000, 0x00000000f5580000, 0x00000000f5580000)
  object space 349696K, 99% used [0x00000000e0000000,0x00000000f557fab8,0x00000000f5580000)
 Metaspace       used 60066K, committed 61056K, reserved 1105920K
  class space    used 5971K, committed 6336K, reserved 1048576K
}
Event: 1759.650 GC heap before
{Heap before GC invocations=1282 (full 1203):
 PSYoungGen      total 36864K, used 27135K [0x00000000f5580000, 0x00000000f8600000, 0x0000000100000000)
  eden space 27136K, 99% used [0x00000000f5580000,0x00000000f6fffef0,0x00000000f7000000)
  from space 9728K, 0% used [0x00000000f7000000,0x00000000f7000000,0x00000000f7980000)
  to   space 9728K, 0% used [0x00000000f7c00000,0x00000000f7c00000,0x00000000f8580000)
 ParOldGen       total 349696K, used 349694K [0x00000000e0000000, 0x00000000f5580000, 0x00000000f5580000)
  object space 349696K, 99% used [0x00000000e0000000,0x00000000f557fab8,0x00000000f5580000)
 Metaspace       used 60066K, committed 61056K, reserved 1105920K
  class space    used 5971K, committed 6336K, reserved 1048576K
}
Event: 1760.864 GC heap after
{Heap after GC invocations=1282 (full 1203):
 PSYoungGen      total 36864K, used 27135K [0x00000000f5580000, 0x00000000f8600000, 0x0000000100000000)
  eden space 27136K, 99% used [0x00000000f5580000,0x00000000f6fffef0,0x00000000f7000000)
  from space 9728K, 0% used [0x00000000f7c00000,0x00000000f7c00000,0x00000000f8580000)
  to   space 9728K, 0% used [0x00000000f7000000,0x00000000f7000000,0x00000000f7980000)
 ParOldGen       total 349696K, used 349694K [0x00000000e0000000, 0x00000000f5580000, 0x00000000f5580000)
  object space 349696K, 99% used [0x00000000e0000000,0x00000000f557f9d8,0x00000000f5580000)
 Metaspace       used 60066K, committed 61056K, reserved 1105920K
  class space    used 5971K, committed 6336K, reserved 1048576K
}

